<?xml version="1.0" encoding="UTF-8"?>
<!-- Generated by org.testng.reporters.JUnitXMLReporter -->
<testsuite hostname="SCHL-R6ICDKE" name="Add Edit and Delete Credit Card Information" tests="3" failures="1" timestamp="12 Nov 2014 16:43:09 GMT" time="65.259" errors="0">
  <testcase name="addCreditCardInfoTest" time="57.131" classname="com.scholastic.sso.misc.AddEditDeleteCreditCardTest">
    <failure type="java.lang.NullPointerException">
      <![CDATA[java.lang.NullPointerException
	at com.scholastic.sso.misc.AddEditDeleteCreditCardTest.addCreditCardInfoTest(AddEditDeleteCreditCardTest.java:67)
... Removed 25 stack frames]]>
    </failure>
  </testcase> <!-- addCreditCardInfoTest -->
  <testcase name="editCreditCardInfoTest" time="0.0" classname="com.scholastic.sso.misc.AddEditDeleteCreditCardTest">
    <skipped/>
  </testcase> <!-- editCreditCardInfoTest -->
  <testcase name="deleteCreditCardInfoTest" time="0.0" classname="com.scholastic.sso.misc.AddEditDeleteCreditCardTest">
    <skipped/>
  </testcase> <!-- deleteCreditCardInfoTest -->
</testsuite> <!-- Add Edit and Delete Credit Card Information -->
