<?xml version="1.0" encoding="UTF-8"?>
<!-- Generated by org.testng.reporters.JUnitXMLReporter -->
<testsuite hostname="SCHL-R6ICDKE" name="Command line test" tests="23" failures="1" timestamp="2 Feb 2015 21:05:04 GMT" time="147.724" errors="0">
  <testcase name="mixedCartPOBoxAddressSce3Test" time="0.14" classname="com.scholastic.sso.shippingValidation.MixedCartPOBoxAddressSce3Test">
    <skipped/>
  </testcase> <!-- mixedCartPOBoxAddressSce3Test -->
  <testcase name="mixedCartPOBoxRegularAddTaxableNonTaxableStateSce4Test" time="0.296" classname="com.scholastic.sso.shippingValidation.MixedCartPOBoxRegularAddTaxableNonTaxableStateSce4Test">
    <skipped/>
  </testcase> <!-- mixedCartPOBoxRegularAddTaxableNonTaxableStateSce4Test -->
  <testcase name="mixedCartRegularAddressSce1Test" time="0.093" classname="com.scholastic.sso.shippingValidation.MixedCartRegularAddressSce1Test">
    <skipped/>
  </testcase> <!-- mixedCartRegularAddressSce1Test -->
  <testcase name="mixedCartRegularAddressSce2Test" time="0.14" classname="com.scholastic.sso.shippingValidation.MixedCartRegularAddressSce2Test">
    <skipped/>
  </testcase> <!-- mixedCartRegularAddressSce2Test -->
  <testcase name="orderBooksTest" time="0.14" classname="com.scholastic.sso.placeOrders.OrderBooksTest">
    <skipped/>
  </testcase> <!-- orderBooksTest -->
  <testcase name="quickLookOrderItemsTest" time="0.078" classname="com.scholastic.sso.placeOrders.QuickLookOrderItemsTest">
    <skipped/>
  </testcase> <!-- quickLookOrderItemsTest -->
  <testcase name="searchValidationTest" time="47.995" classname="com.scholastic.sso.misc.SearchValidationTest"/>
  <testcase name="shippingChargesMisc3Test" time="0.063" classname="com.scholastic.sso.shippingValidation.ShippingChargesMisc3Test">
    <skipped/>
  </testcase> <!-- shippingChargesMisc3Test -->
  <testcase name="shippingChargesMisc5Test" time="0.031" classname="com.scholastic.sso.shippingValidation.ShippingChargesMisc5Test">
    <skipped/>
  </testcase> <!-- shippingChargesMisc5Test -->
  <testcase name="shippingChargesMisc6Test" time="0.031" classname="com.scholastic.sso.shippingValidation.ShippingChargesMisc6Test">
    <skipped/>
  </testcase> <!-- shippingChargesMisc6Test -->
  <testcase name="shippingChargesMisc7Test" time="0.031" classname="com.scholastic.sso.shippingValidation.ShippingChargesMisc7Test">
    <skipped/>
  </testcase> <!-- shippingChargesMisc7Test -->
  <testcase name="shippingChargesMisc8Test" time="0.031" classname="com.scholastic.sso.shippingValidation.ShippingChargesMisc8Test">
    <skipped/>
  </testcase> <!-- shippingChargesMisc8Test -->
  <testcase name="shippingChargesMisc9Test" time="0.093" classname="com.scholastic.sso.shippingValidation.ShippingChargesMisc9Test">
    <skipped/>
  </testcase> <!-- shippingChargesMisc9Test -->
  <testcase name="shippingChargesMisc10Test" time="0.062" classname="com.scholastic.sso.shippingValidation.ShippingChargesMisc10Test">
    <skipped/>
  </testcase> <!-- shippingChargesMisc10Test -->
  <testcase name="shippingChargesMisc1Test" time="0.093" classname="com.scholastic.sso.shippingValidation.ShippingChargesMisc1Test">
    <skipped/>
  </testcase> <!-- shippingChargesMisc1Test -->
  <testcase name="storiaSamplerEReaderTest" time="39.665" classname="com.scholastic.sso.misc.StoriaSamplerEReaderTest">
    <failure type="java.lang.AssertionError" message="null">
      <![CDATA[java.lang.AssertionError: null
	at com.scholastic.sso.misc.StoriaSamplerEReaderTest.storiaSamplerEReaderTest(StoriaSamplerEReaderTest.java:91)
... Removed 36 stack frames]]>
    </failure>
  </testcase> <!-- storiaSamplerEReaderTest -->
  <testcase name="shippingChargesMisc4Test" time="0.172" classname="com.scholastic.sso.shippingValidation.ShippingChargesMisc4Test">
    <skipped/>
  </testcase> <!-- shippingChargesMisc4Test -->
  <testcase name="shippingChargesMisc2Test" time="0.015" classname="com.scholastic.sso.shippingValidation.ShippingChargesMisc2Test">
    <skipped/>
  </testcase> <!-- shippingChargesMisc2Test -->
  <testcase name="cartMergSigninDuringCheckoutSce5Test" time="0.062" classname="com.scholastic.sso.shippingValidation.CartMergSigninDuringCheckoutSce5Test">
    <skipped/>
  </testcase> <!-- cartMergSigninDuringCheckoutSce5Test -->
  <testcase name="strangeLoopTest" time="0.031" classname="com.scholastic.sso.misc.StrangeLoopTest">
    <skipped/>
  </testcase> <!-- strangeLoopTest -->
  <testcase name="addCreditCardInfoTest" time="0.031" classname="com.scholastic.sso.misc.AddEditDeleteCreditCardTest">
    <skipped/>
  </testcase> <!-- addCreditCardInfoTest -->
  <testcase name="editCreditCardInfoTest" time="0.0" classname="com.scholastic.sso.misc.AddEditDeleteCreditCardTest">
    <skipped/>
  </testcase> <!-- editCreditCardInfoTest -->
  <testcase name="deleteCreditCardInfoTest" time="0.0" classname="com.scholastic.sso.misc.AddEditDeleteCreditCardTest">
    <skipped/>
  </testcase> <!-- deleteCreditCardInfoTest -->
</testsuite> <!-- Command line test -->
