<?xml version="1.0" encoding="UTF-8" ?>
<testsuite tests="23" failures="1" name="TestSuite" time="91.224" errors="0" skipped="21">
  <properties>
[...]
</properties>
  <testcase classname="com.scholastic.sso.shippingValidation.MixedCartPOBoxAddressSce3Test" name="mixedCartPOBoxAddressSce3Test" time="0.172">
    <skipped/>
    <system-out>Configuring TestNG with: org.apache.maven.surefire.testng.conf.TestNG652Configurator@6a38e57f
</system-out>
    <system-err>log4j:WARN No appenders could be found for logger (org.apache.http.client.protocol.RequestAddCookies).
log4j:WARN Please initialize the log4j system properly.
</system-err>
  </testcase>
  <testcase classname="com.scholastic.sso.shippingValidation.MixedCartPOBoxRegularAddTaxableNonTaxableStateSce4Test" name="mixedCartPOBoxRegularAddTaxableNonTaxableStateSce4Test" time="0.312">
    <skipped/>
  </testcase>
  <testcase classname="com.scholastic.sso.shippingValidation.MixedCartRegularAddressSce1Test" name="mixedCartRegularAddressSce1Test" time="0.124">
    <skipped/>
  </testcase>
  <testcase classname="com.scholastic.sso.shippingValidation.MixedCartRegularAddressSce2Test" name="mixedCartRegularAddressSce2Test" time="0.14">
    <skipped/>
  </testcase>
  <testcase classname="com.scholastic.sso.placeOrders.OrderBooksTest" name="orderBooksTest" time="0.141">
    <skipped/>
    <system-out>ScreenshotC:\Users\chaitman\Desktop\SSO\SSOFwk\sso_automation/02-02-2015_160245/screenshots
</system-out>
  </testcase>
  <testcase classname="com.scholastic.sso.placeOrders.QuickLookOrderItemsTest" name="quickLookOrderItemsTest" time="0.125">
    <skipped/>
  </testcase>
  <testcase classname="com.scholastic.sso.misc.SearchValidationTest" name="searchValidationTest" time="47.964"/>
  <testcase classname="com.scholastic.sso.shippingValidation.ShippingChargesMisc3Test" name="shippingChargesMisc3Test" time="0.047">
    <skipped/>
  </testcase>
  <testcase classname="com.scholastic.sso.shippingValidation.ShippingChargesMisc5Test" name="shippingChargesMisc5Test" time="0">
    <skipped/>
  </testcase>
  <testcase classname="com.scholastic.sso.shippingValidation.ShippingChargesMisc6Test" name="shippingChargesMisc6Test" time="0">
    <skipped/>
  </testcase>
  <testcase classname="com.scholastic.sso.shippingValidation.ShippingChargesMisc7Test" name="shippingChargesMisc7Test" time="0.063">
    <skipped/>
  </testcase>
  <testcase classname="com.scholastic.sso.shippingValidation.ShippingChargesMisc8Test" name="shippingChargesMisc8Test" time="0">
    <skipped/>
  </testcase>
  <testcase classname="com.scholastic.sso.shippingValidation.ShippingChargesMisc9Test" name="shippingChargesMisc9Test" time="0.125">
    <skipped/>
  </testcase>
  <testcase classname="com.scholastic.sso.shippingValidation.ShippingChargesMisc10Test" name="shippingChargesMisc10Test" time="0.14">
    <skipped/>
  </testcase>
  <testcase classname="com.scholastic.sso.shippingValidation.ShippingChargesMisc1Test" name="shippingChargesMisc1Test" time="0.078">
    <skipped/>
  </testcase>
  <testcase classname="com.scholastic.sso.misc.StoriaSamplerEReaderTest" name="storiaSamplerEReaderTest" time="39.609">
    <failure type="java.lang.AssertionError:">java.lang.AssertionError: null
	at org.testng.Assert.fail(Assert.java:94)
	at org.testng.Assert.fail(Assert.java:101)
	at com.scholastic.sso.misc.StoriaSamplerEReaderTest.storiaSamplerEReaderTest(StoriaSamplerEReaderTest.java:91)
</failure>
  </testcase>
  <testcase classname="com.scholastic.sso.shippingValidation.ShippingChargesMisc4Test" name="shippingChargesMisc4Test" time="0.078">
    <skipped/>
    <system-out>storiaSamplerEReaderTest
</system-out>
  </testcase>
  <testcase classname="com.scholastic.sso.shippingValidation.ShippingChargesMisc2Test" name="shippingChargesMisc2Test" time="0">
    <skipped/>
  </testcase>
  <testcase classname="com.scholastic.sso.shippingValidation.CartMergSigninDuringCheckoutSce5Test" name="cartMergSigninDuringCheckoutSce5Test" time="0.047">
    <skipped/>
  </testcase>
  <testcase classname="com.scholastic.sso.misc.StrangeLoopTest" name="strangeLoopTest" time="0.031">
    <skipped/>
  </testcase>
  <testcase classname="com.scholastic.sso.misc.AddEditDeleteCreditCardTest" name="addCreditCardInfoTest" time="0">
    <skipped/>
  </testcase>
  <testcase classname="com.scholastic.sso.misc.AddEditDeleteCreditCardTest" name="editCreditCardInfoTest" time="1.014">
    <skipped/>
  </testcase>
  <testcase classname="com.scholastic.sso.misc.AddEditDeleteCreditCardTest" name="deleteCreditCardInfoTest" time="1.014">
    <skipped/>
  </testcase>
</testsuite>