<?xml version="1.0" encoding="UTF-8"?>
<!-- Generated by org.testng.reporters.JUnitXMLReporter -->
<testsuite hostname="SCHL-R6ICDKE" name="Order Books" tests="3" failures="0" timestamp="5 Nov 2014 02:49:24 GMT" time="1.103" errors="0">
  <testcase name="orderBooksTest" time="0.074" classname="com.scholastic.sso.placeOrders.OrderBooksTest"/>
  <testcase name="orderBooksTest" time="0.059" classname="com.scholastic.sso.placeOrders.OrderBooksTest">
    <skipped/>
  </testcase> <!-- orderBooksTest -->
  <testcase name="orderBooksTest" time="0.05" classname="com.scholastic.sso.placeOrders.OrderBooksTest"/>
</testsuite> <!-- Order Books -->
