<?xml version="1.0" encoding="UTF-8"?>
<!-- Generated by org.testng.reporters.JUnitXMLReporter -->
<testsuite hostname="SCHL-R6ICDKE" name="Test 1" tests="3" failures="0" timestamp="5 Nov 2014 02:16:11 GMT" time="1.936" errors="0">
  <testcase name="test1" time="0.086" classname="com.scholastic.sso.suiteA.Test1">
    <skipped/>
  </testcase> <!-- test1 -->
  <testcase name="test1" time="0.168" classname="com.scholastic.sso.suiteA.Test1">
    <skipped/>
  </testcase> <!-- test1 -->
  <testcase name="test1" time="0.116" classname="com.scholastic.sso.suiteA.Test1">
    <skipped/>
  </testcase> <!-- test1 -->
</testsuite> <!-- Test 1 -->
