<?xml version="1.0" encoding="UTF-8"?>
<testng-results skipped="0" failed="0" total="1" passed="1">
  <reporter-output>
  </reporter-output>
  <suite name="Misc Suite" duration-ms="87061" started-at="2015-02-02T04:02:47Z" finished-at="2015-02-02T04:04:15Z">
    <groups>
    </groups>
    <test name="Search by Filter and Validate the Content Returned" duration-ms="87061" started-at="2015-02-02T04:02:47Z" finished-at="2015-02-02T04:04:15Z">
      <class name="com.scholastic.sso.misc.SearchValidationTest">
        <test-method status="PASS" signature="beforeTest()[pri:0, instance:com.scholastic.sso.misc.SearchValidationTest@9f70c54]" name="beforeTest" is-config="true" duration-ms="8364" started-at="2015-02-01T23:02:47Z" finished-at="2015-02-01T23:02:56Z">
          <reporter-output>
          </reporter-output>
        </test-method> <!-- beforeTest -->
        <test-method status="PASS" signature="searchValidationTest(java.util.Hashtable)[pri:0, instance:com.scholastic.sso.misc.SearchValidationTest@9f70c54]" name="searchValidationTest" duration-ms="75038" started-at="2015-02-01T23:02:57Z" data-provider="MiscDataProvider" finished-at="2015-02-01T23:04:13Z">
          <params>
            <param index="0">
              <value>
                <![CDATA[{Runmode=Y}]]>
              </value>
            </param>
          </params>
          <reporter-output>
          </reporter-output>
        </test-method> <!-- searchValidationTest -->
        <test-method status="PASS" signature="takeScreenShotOnFailure(org.testng.ITestResult)[pri:0, instance:com.scholastic.sso.misc.SearchValidationTest@9f70c54]" name="takeScreenShotOnFailure" is-config="true" duration-ms="0" started-at="2015-02-01T23:04:13Z" finished-at="2015-02-01T23:04:13Z">
          <params>
            <param index="0">
              <value>
                <![CDATA[[TestResult name=searchValidationTest status=SUCCESS method=SearchValidationTest.searchValidationTest(java.util.Hashtable)[pri:0, instance:com.scholastic.sso.misc.SearchValidationTest@9f70c54] output={null}]]]>
              </value>
            </param>
          </params>
          <reporter-output>
          </reporter-output>
        </test-method> <!-- takeScreenShotOnFailure -->
        <test-method status="PASS" signature="shutDriver()[pri:0, instance:com.scholastic.sso.misc.SearchValidationTest@9f70c54]" name="shutDriver" is-config="true" duration-ms="2000" started-at="2015-02-01T23:04:13Z" finished-at="2015-02-01T23:04:15Z">
          <reporter-output>
          </reporter-output>
        </test-method> <!-- shutDriver -->
      </class> <!-- com.scholastic.sso.misc.SearchValidationTest -->
    </test> <!-- Search by Filter and Validate the Content Returned -->
  </suite> <!-- Misc Suite -->
  <suite name="SSO Project" duration-ms="0" started-at="2015-02-02T04:04:15Z" finished-at="2015-02-02T04:04:15Z">
    <groups>
    </groups>
  </suite> <!-- SSO Project -->
</testng-results>
