<?xml version="1.0" encoding="UTF-8"?>
<!-- Generated by org.testng.reporters.JUnitXMLReporter -->
<testsuite hostname="SCHL-R6ICDKE" name="Cart Merg and Signin During Checkout Scenario 5" tests="1" failures="0" timestamp="11 Nov 2014 18:29:39 GMT" time="6.869" errors="0">
  <testcase name="cartMergSigninDuringCheckoutSce5Test" time="0.157" classname="com.scholastic.sso.shippingValidation.CartMergSigninDuringCheckoutSce5Test">
    <skipped/>
  </testcase> <!-- cartMergSigninDuringCheckoutSce5Test -->
</testsuite> <!-- Cart Merg and Signin During Checkout Scenario 5 -->
