<?xml version="1.0" encoding="UTF-8"?>
<!-- Generated by org.testng.reporters.JUnitXMLReporter -->
<testsuite hostname="SCHL-R6ICDKE" name="Mixed Cart with PO Box Address Scenario 3" tests="1" failures="0" timestamp="11 Nov 2014 18:29:26 GMT" time="6.948" errors="0">
  <testcase name="mixedCartPOBoxAddressSce3Test" time="0.063" classname="com.scholastic.sso.shippingValidation.MixedCartPOBoxAddressSce3Test">
    <skipped/>
  </testcase> <!-- mixedCartPOBoxAddressSce3Test -->
</testsuite> <!-- Mixed Cart with PO Box Address Scenario 3 -->
