<?xml version="1.0" encoding="UTF-8"?>
<!-- Generated by org.testng.reporters.JUnitXMLReporter -->
<testsuite hostname="SCHL-R6ICDKE" name="Mixed Cart with Regular Address Scenario 1" tests="1" failures="0" timestamp="11 Nov 2014 18:29:12 GMT" time="6.09" errors="0">
  <testcase name="mixedCartRegularAddressSce1Test" time="0.142" classname="com.scholastic.sso.shippingValidation.MixedCartRegularAddressSce1Test">
    <skipped/>
  </testcase> <!-- mixedCartRegularAddressSce1Test -->
</testsuite> <!-- Mixed Cart with Regular Address Scenario 1 -->
