<?xml version="1.0" encoding="UTF-8"?>
<!-- Generated by org.testng.reporters.JUnitXMLReporter -->
<testsuite hostname="SCHL-R6ICDKE" name="Mixed Cart with Regular Address Scenario 2" tests="1" failures="0" timestamp="11 Nov 2014 18:29:19 GMT" time="6.792" errors="0">
  <testcase name="mixedCartRegularAddressSce2Test" time="0.142" classname="com.scholastic.sso.shippingValidation.MixedCartRegularAddressSce2Test">
    <skipped/>
  </testcase> <!-- mixedCartRegularAddressSce2Test -->
</testsuite> <!-- Mixed Cart with Regular Address Scenario 2 -->
