<?xml version="1.0" encoding="UTF-8"?>
<!-- Generated by org.testng.reporters.JUnitXMLReporter -->
<testsuite hostname="SCHL-R6ICDKE" name="Mixed Cart with POBox Regular Taxable and NonTaxable States Scenario 4" tests="1" failures="0" timestamp="11 Nov 2014 18:29:32 GMT" time="6.246" errors="0">
  <testcase name="mixedCartPOBoxRegularAddTaxableNonTaxableStateSce4Test" time="0.033" classname="com.scholastic.sso.shippingValidation.MixedCartPOBoxRegularAddTaxableNonTaxableStateSce4Test">
    <skipped/>
  </testcase> <!-- mixedCartPOBoxRegularAddTaxableNonTaxableStateSce4Test -->
</testsuite> <!-- Mixed Cart with POBox Regular Taxable and NonTaxable States Scenario 4 -->
