<?xml version="1.0" encoding="UTF-8"?>
<!-- Generated by org.testng.reporters.JUnitXMLReporter -->
<testsuite hostname="SCHL-R6ICDKE" name="Shipping Charges Misc Validation 3" tests="1" failures="0" timestamp="11 Nov 2014 18:29:59 GMT" time="6.247" errors="0">
  <testcase name="shippingChargesMisc3Test" time="0.063" classname="com.scholastic.sso.shippingValidation.ShippingChargesMisc3Test">
    <skipped/>
  </testcase> <!-- shippingChargesMisc3Test -->
</testsuite> <!-- Shipping Charges Misc Validation 3 -->
