<?xml version="1.0" encoding="UTF-8"?>
<!-- Generated by org.testng.reporters.JUnitXMLReporter -->
<testsuite hostname="SCHL-R6ICDKE" name="Shipping Charges Misc Validation 1" tests="1" failures="0" timestamp="11 Nov 2014 18:29:47 GMT" time="7.211" errors="0">
  <testcase name="shippingChargesMisc1Test" time="0.025" classname="com.scholastic.sso.shippingValidation.ShippingChargesMisc1Test">
    <skipped/>
  </testcase> <!-- shippingChargesMisc1Test -->
</testsuite> <!-- Shipping Charges Misc Validation 1 -->
