<?xml version="1.0" encoding="UTF-8"?>
<!-- Generated by org.testng.reporters.JUnitXMLReporter -->
<testsuite hostname="SCHL-R6ICDKE" name="Shipping Charges Misc Validation 2" tests="1" failures="0" timestamp="11 Nov 2014 18:29:53 GMT" time="6.525" errors="0">
  <testcase name="shippingChargesMisc2Test" time="0.11" classname="com.scholastic.sso.shippingValidation.ShippingChargesMisc2Test">
    <skipped/>
  </testcase> <!-- shippingChargesMisc2Test -->
</testsuite> <!-- Shipping Charges Misc Validation 2 -->
