<?xml version="1.0" encoding="UTF-8"?>
<!-- Generated by org.testng.reporters.JUnitXMLReporter -->
<testsuite hostname="SCHL-R6ICDKE" name="Test 2" tests="3" failures="0" timestamp="5 Nov 2014 02:38:32 GMT" time="0.405" errors="0">
  <testcase name="test2" time="0.134" classname="com.scholastic.sso.suiteB.Test2">
    <skipped/>
  </testcase> <!-- test2 -->
  <testcase name="test2" time="0.061" classname="com.scholastic.sso.suiteB.Test2">
    <skipped/>
  </testcase> <!-- test2 -->
  <testcase name="test2" time="0.154" classname="com.scholastic.sso.suiteB.Test2">
    <skipped/>
  </testcase> <!-- test2 -->
</testsuite> <!-- Test 2 -->
