<?xml version="1.0" encoding="UTF-8"?>
<!-- Generated by org.testng.reporters.JUnitXMLReporter -->
<testsuite hostname="SCHL-R6ICDKE" name="Test 1" tests="3" failures="0" timestamp="5 Nov 2014 02:38:31 GMT" time="0.427" errors="0">
  <testcase name="test1" time="0.108" classname="com.scholastic.sso.suiteB.Test1">
    <skipped/>
  </testcase> <!-- test1 -->
  <testcase name="test1" time="0.101" classname="com.scholastic.sso.suiteB.Test1">
    <skipped/>
  </testcase> <!-- test1 -->
  <testcase name="test1" time="0.139" classname="com.scholastic.sso.suiteB.Test1">
    <skipped/>
  </testcase> <!-- test1 -->
</testsuite> <!-- Test 1 -->
